<?xml version="1.0" encoding="UTF-8"?>
<!-- Generated by org.testng.reporters.JUnitReportReporter -->
<testsuite hostname="Rimas-MacBook-Pro.local" failures="0" tests="2" name="testcases.AppTestiOS" time="68.516" errors="1" timestamp="2024-04-30T19:01:55 PDT" skipped="1">
  <testcase classname="testcases.AppTestiOS" name="ConfigurationAppium" time="68.516">
    <error message="Could not start a new session. Response code 500. Message: An unknown server-side error occurred while processing the command. Original error: Error running &#039;install&#039;: An error was encountered processing the command (domain=IXUserPresentableErrorDomain, code=4):
App installation failed: “UIKitCatalog” Needs to Be Updated
This app needs to be updated by the developer to work on this version of iOS.
Failed to find matching arch for input file: /Users/rimadas/Library/Developer/CoreSimulator/Devices/2FCAF97F-A0BF-475E-9B8E-F626DA632EE8/data/Library/Caches/com.apple.mobile.installd.staging/temp.XOKQY8/extracted/UIKitCatalog.app/UIKitCatalog
Underlying error (domain=IXUserPresentableErrorDomain, code=4):
	“UIKitCatalog” Needs to Be Updated
	This app needs to be updated by the developer to work on this version of iOS. 
Host info: host: &#039;Rimas-MacBook-Pro.local&#039;, ip: &#039;fe80:0:0:0:1483:53ae:1d19:3978%en0&#039;
Build info: version: &#039;4.19.1&#039;, revision: &#039;abe0ee07dc&#039;
System info: os.name: &#039;Mac OS X&#039;, os.arch: &#039;x86_64&#039;, os.version: &#039;11.3&#039;, java.version: &#039;16.0.1&#039;
Driver info: io.appium.java_client.ios.IOSDriver
Command: [null, newSession {capabilities=[{appium:wdaLaunchTimeout=10000, appium:deviceName=iPhone 15 Pro, appium:automationName=XCuiTest, platformName=IOS, appium:app=/Users/rimadas/eclipse-workspace/AppiumPOMFramework/src/test/java/resources/UIKitCatalog.app}], desiredCapabilities=Capabilities {appium:app: /Users/rimadas/eclipse-work..., appium:automationName: XCuiTest, appium:deviceName: iPhone 15 Pro, appium:wdaLaunchTimeout: 10000, platformName: IOS}}]
Capabilities {appium:app: /Users/rimadas/eclipse-work..., appium:automationName: XCuiTest, appium:deviceName: iPhone 15 Pro, appium:wdaLaunchTimeout: 10000, platformName: IOS}" type="org.openqa.selenium.SessionNotCreatedException">
      <![CDATA[org.openqa.selenium.SessionNotCreatedException: Could not start a new session. Response code 500. Message: An unknown server-side error occurred while processing the command. Original error: Error running 'install': An error was encountered processing the command (domain=IXUserPresentableErrorDomain, code=4):
App installation failed: “UIKitCatalog” Needs to Be Updated
This app needs to be updated by the developer to work on this version of iOS.
Failed to find matching arch for input file: /Users/rimadas/Library/Developer/CoreSimulator/Devices/2FCAF97F-A0BF-475E-9B8E-F626DA632EE8/data/Library/Caches/com.apple.mobile.installd.staging/temp.XOKQY8/extracted/UIKitCatalog.app/UIKitCatalog
Underlying error (domain=IXUserPresentableErrorDomain, code=4):
“UIKitCatalog” Needs to Be Updated
This app needs to be updated by the developer to work on this version of iOS. 
Host info: host: 'Rimas-MacBook-Pro.local', ip: 'fe80:0:0:0:1483:53ae:1d19:3978%en0'
Build info: version: '4.19.1', revision: 'abe0ee07dc'
System info: os.name: 'Mac OS X', os.arch: 'x86_64', os.version: '11.3', java.version: '16.0.1'
Driver info: io.appium.java_client.ios.IOSDriver
Command: [null, newSession {capabilities=[{appium:wdaLaunchTimeout=10000, appium:deviceName=iPhone 15 Pro, appium:automationName=XCuiTest, platformName=IOS, appium:app=/Users/rimadas/eclipse-workspace/AppiumPOMFramework/src/test/java/resources/UIKitCatalog.app}], desiredCapabilities=Capabilities {appium:app: /Users/rimadas/eclipse-work..., appium:automationName: XCuiTest, appium:deviceName: iPhone 15 Pro, appium:wdaLaunchTimeout: 10000, platformName: IOS}}]
Capabilities {appium:app: /Users/rimadas/eclipse-work..., appium:automationName: XCuiTest, appium:deviceName: iPhone 15 Pro, appium:wdaLaunchTimeout: 10000, platformName: IOS}
at org.openqa.selenium.remote.ProtocolHandshake.createSession(ProtocolHandshake.java:114)
at java.base/jdk.internal.reflect.NativeMethodAccessorImpl.invoke0(Native Method)
at java.base/jdk.internal.reflect.NativeMethodAccessorImpl.invoke(NativeMethodAccessorImpl.java:78)
at java.base/jdk.internal.reflect.DelegatingMethodAccessorImpl.invoke(DelegatingMethodAccessorImpl.java:43)
at java.base/java.lang.reflect.Method.invoke(Method.java:567)
at io.appium.java_client.remote.AppiumProtocolHandshake.createSession(AppiumProtocolHandshake.java:116)
at io.appium.java_client.remote.AppiumProtocolHandshake.createSession(AppiumProtocolHandshake.java:96)
at io.appium.java_client.remote.AppiumCommandExecutor.createSession(AppiumCommandExecutor.java:176)
at io.appium.java_client.remote.AppiumCommandExecutor.execute(AppiumCommandExecutor.java:237)
at org.openqa.selenium.remote.RemoteWebDriver.execute(RemoteWebDriver.java:518)
at io.appium.java_client.AppiumDriver.startSession(AppiumDriver.java:268)
at org.openqa.selenium.remote.RemoteWebDriver.<init>(RemoteWebDriver.java:161)
at io.appium.java_client.AppiumDriver.<init>(AppiumDriver.java:90)
at io.appium.java_client.AppiumDriver.<init>(AppiumDriver.java:102)
at io.appium.java_client.ios.IOSDriver.<init>(IOSDriver.java:101)
at baseTest.BaseTestiOS.ConfigurationAppium(BaseTestiOS.java:36)
at java.base/jdk.internal.reflect.NativeMethodAccessorImpl.invoke0(Native Method)
at java.base/jdk.internal.reflect.NativeMethodAccessorImpl.invoke(NativeMethodAccessorImpl.java:78)
at java.base/jdk.internal.reflect.DelegatingMethodAccessorImpl.invoke(DelegatingMethodAccessorImpl.java:43)
at java.base/java.lang.reflect.Method.invoke(Method.java:567)
at org.testng.internal.invokers.MethodInvocationHelper.invokeMethod(MethodInvocationHelper.java:139)
at org.testng.internal.invokers.MethodInvocationHelper.invokeMethodConsideringTimeout(MethodInvocationHelper.java:69)
at org.testng.internal.invokers.ConfigInvoker.invokeConfigurationMethod(ConfigInvoker.java:361)
at org.testng.internal.invokers.ConfigInvoker.invokeConfigurations(ConfigInvoker.java:296)
at org.testng.internal.invokers.TestMethodWorker.invokeBeforeClassMethods(TestMethodWorker.java:180)
at org.testng.internal.invokers.TestMethodWorker.run(TestMethodWorker.java:122)
at java.base/java.util.ArrayList.forEach(ArrayList.java:1511)
at org.testng.TestRunner.privateRun(TestRunner.java:829)
at org.testng.TestRunner.run(TestRunner.java:602)
at org.testng.SuiteRunner.runTest(SuiteRunner.java:437)
at org.testng.SuiteRunner.runSequentially(SuiteRunner.java:431)
at org.testng.SuiteRunner.privateRun(SuiteRunner.java:391)
at org.testng.SuiteRunner.run(SuiteRunner.java:330)
at org.testng.SuiteRunnerWorker.runSuite(SuiteRunnerWorker.java:52)
at org.testng.SuiteRunnerWorker.run(SuiteRunnerWorker.java:95)
at org.testng.TestNG.runSuitesSequentially(TestNG.java:1256)
at org.testng.TestNG.runSuitesLocally(TestNG.java:1176)
at org.testng.TestNG.runSuites(TestNG.java:1099)
at org.testng.TestNG.run(TestNG.java:1067)
at org.testng.remote.AbstractRemoteTestNG.run(AbstractRemoteTestNG.java:115)
at org.testng.remote.RemoteTestNG.initAndRun(RemoteTestNG.java:251)
at org.testng.remote.RemoteTestNG.main(RemoteTestNG.java:77)
]]>
    </error>
  </testcase> <!-- ConfigurationAppium -->
  <system-out/>
  <testcase classname="testcases.AppTestiOS" name="appTest" time="0.000">
    <skipped/>
  </testcase> <!-- appTest -->
  <system-out/>
</testsuite> <!-- testcases.AppTestiOS -->
